[2026-03-14T17:21:26.462+0000] {manager.py:487} INFO - Processing files using up to 2 processes at a time 
[2026-03-14T17:21:26.462+0000] {manager.py:488} INFO - Process each file at most once every 30 seconds
[2026-03-14T17:21:26.463+0000] {manager.py:489} INFO - Checking for new files in /opt/airflow/dags every 300 seconds
[2026-03-14T17:21:26.463+0000] {manager.py:759} INFO - Searching for files in /opt/airflow/dags
[2026-03-14T17:21:26.465+0000] {manager.py:762} INFO - There are 0 files in /opt/airflow/dags
[2026-03-14T17:26:26.719+0000] {manager.py:759} INFO - Searching for files in /opt/airflow/dags
[2026-03-14T17:26:26.723+0000] {manager.py:762} INFO - There are 0 files in /opt/airflow/dags
[2026-03-14T17:31:26.888+0000] {manager.py:759} INFO - Searching for files in /opt/airflow/dags
[2026-03-14T17:31:26.892+0000] {manager.py:762} INFO - There are 0 files in /opt/airflow/dags
[2026-03-14T17:36:27.091+0000] {manager.py:759} INFO - Searching for files in /opt/airflow/dags
[2026-03-14T17:36:27.094+0000] {manager.py:762} INFO - There are 0 files in /opt/airflow/dags
[2026-03-14T17:41:27.269+0000] {manager.py:759} INFO - Searching for files in /opt/airflow/dags
[2026-03-14T17:41:27.281+0000] {manager.py:762} INFO - There are 0 files in /opt/airflow/dags
[2026-03-14T17:46:27.463+0000] {manager.py:759} INFO - Searching for files in /opt/airflow/dags
[2026-03-14T17:46:27.466+0000] {manager.py:762} INFO - There are 0 files in /opt/airflow/dags
[2026-03-14T17:51:27.670+0000] {manager.py:759} INFO - Searching for files in /opt/airflow/dags
[2026-03-14T17:51:27.674+0000] {manager.py:762} INFO - There are 0 files in /opt/airflow/dags
[2026-03-14T17:56:11.780+0000] {manager.py:469} INFO - Exiting gracefully upon receiving signal 15
[2026-03-14T18:01:10.926+0000] {manager.py:487} INFO - Processing files using up to 2 processes at a time 
[2026-03-14T18:01:10.926+0000] {manager.py:488} INFO - Process each file at most once every 30 seconds
[2026-03-14T18:01:10.927+0000] {manager.py:489} INFO - Checking for new files in /opt/airflow/dags every 300 seconds
[2026-03-14T18:01:10.927+0000] {manager.py:759} INFO - Searching for files in /opt/airflow/dags
[2026-03-14T18:01:10.929+0000] {manager.py:762} INFO - There are 0 files in /opt/airflow/dags
[2026-03-14T18:06:11.255+0000] {manager.py:759} INFO - Searching for files in /opt/airflow/dags
[2026-03-14T18:06:11.259+0000] {manager.py:762} INFO - There are 0 files in /opt/airflow/dags
[2026-03-14T18:11:11.397+0000] {manager.py:759} INFO - Searching for files in /opt/airflow/dags
[2026-03-14T18:11:11.402+0000] {manager.py:762} INFO - There are 0 files in /opt/airflow/dags
[2026-03-14T18:16:11.582+0000] {manager.py:759} INFO - Searching for files in /opt/airflow/dags
[2026-03-14T18:16:11.589+0000] {manager.py:762} INFO - There are 0 files in /opt/airflow/dags
[2026-03-14T18:21:11.745+0000] {manager.py:759} INFO - Searching for files in /opt/airflow/dags
[2026-03-14T18:21:11.749+0000] {manager.py:762} INFO - There are 0 files in /opt/airflow/dags
[2026-03-14T18:26:07.585+0000] {manager.py:469} INFO - Exiting gracefully upon receiving signal 15
[2026-03-14T18:30:24.891+0000] {manager.py:487} INFO - Processing files using up to 2 processes at a time 
[2026-03-14T18:30:24.892+0000] {manager.py:488} INFO - Process each file at most once every 30 seconds
[2026-03-14T18:30:24.893+0000] {manager.py:489} INFO - Checking for new files in /opt/airflow/dags every 300 seconds
[2026-03-14T18:30:24.893+0000] {manager.py:759} INFO - Searching for files in /opt/airflow/dags
[2026-03-14T18:30:24.896+0000] {manager.py:762} INFO - There are 0 files in /opt/airflow/dags
[2026-03-14T18:31:38.784+0000] {manager.py:469} INFO - Exiting gracefully upon receiving signal 15
[2026-03-14T18:33:31.525+0000] {manager.py:487} INFO - Processing files using up to 2 processes at a time 
[2026-03-14T18:33:31.526+0000] {manager.py:488} INFO - Process each file at most once every 30 seconds
[2026-03-14T18:33:31.526+0000] {manager.py:489} INFO - Checking for new files in /opt/airflow/dags every 300 seconds
[2026-03-14T18:33:31.527+0000] {manager.py:759} INFO - Searching for files in /opt/airflow/dags
[2026-03-14T18:33:31.529+0000] {manager.py:762} INFO - There are 0 files in /opt/airflow/dags
[2026-03-14T18:38:31.836+0000] {manager.py:759} INFO - Searching for files in /opt/airflow/dags
[2026-03-14T18:38:31.840+0000] {manager.py:762} INFO - There are 0 files in /opt/airflow/dags
[2026-03-14T18:43:32.019+0000] {manager.py:759} INFO - Searching for files in /opt/airflow/dags
[2026-03-14T18:43:32.022+0000] {manager.py:762} INFO - There are 0 files in /opt/airflow/dags
[2026-03-14T18:48:32.194+0000] {manager.py:759} INFO - Searching for files in /opt/airflow/dags
[2026-03-14T18:48:32.199+0000] {manager.py:762} INFO - There are 0 files in /opt/airflow/dags
[2026-03-14T18:53:32.369+0000] {manager.py:759} INFO - Searching for files in /opt/airflow/dags
[2026-03-14T18:53:32.371+0000] {manager.py:762} INFO - There are 0 files in /opt/airflow/dags
[2026-03-14T18:58:32.511+0000] {manager.py:759} INFO - Searching for files in /opt/airflow/dags
[2026-03-14T18:58:32.515+0000] {manager.py:762} INFO - There are 0 files in /opt/airflow/dags
[2026-03-14T19:03:33.366+0000] {manager.py:759} INFO - Searching for files in /opt/airflow/dags
[2026-03-14T19:03:33.368+0000] {manager.py:762} INFO - There are 0 files in /opt/airflow/dags
[2026-03-14T19:08:33.556+0000] {manager.py:759} INFO - Searching for files in /opt/airflow/dags
[2026-03-14T19:08:33.559+0000] {manager.py:762} INFO - There are 0 files in /opt/airflow/dags
[2026-03-14T19:13:33.790+0000] {manager.py:759} INFO - Searching for files in /opt/airflow/dags
[2026-03-14T19:13:33.795+0000] {manager.py:762} INFO - There are 0 files in /opt/airflow/dags
[2026-03-14T19:18:34.023+0000] {manager.py:759} INFO - Searching for files in /opt/airflow/dags
[2026-03-14T19:18:34.027+0000] {manager.py:762} INFO - There are 0 files in /opt/airflow/dags
[2026-03-14T19:23:34.160+0000] {manager.py:759} INFO - Searching for files in /opt/airflow/dags
[2026-03-14T19:23:34.163+0000] {manager.py:762} INFO - There are 0 files in /opt/airflow/dags
[2026-03-14T19:28:34.327+0000] {manager.py:759} INFO - Searching for files in /opt/airflow/dags
[2026-03-14T19:28:34.328+0000] {manager.py:762} INFO - There are 0 files in /opt/airflow/dags
[2026-03-14T19:33:34.455+0000] {manager.py:759} INFO - Searching for files in /opt/airflow/dags
[2026-03-14T19:33:34.458+0000] {manager.py:762} INFO - There are 0 files in /opt/airflow/dags
[2026-03-14T19:35:08.656+0000] {manager.py:469} INFO - Exiting gracefully upon receiving signal 15
[2026-03-14T19:36:08.454+0000] {manager.py:487} INFO - Processing files using up to 2 processes at a time 
[2026-03-14T19:36:08.455+0000] {manager.py:488} INFO - Process each file at most once every 30 seconds
[2026-03-14T19:36:08.455+0000] {manager.py:489} INFO - Checking for new files in /opt/airflow/dags every 300 seconds
[2026-03-14T19:36:08.455+0000] {manager.py:759} INFO - Searching for files in /opt/airflow/dags
[2026-03-14T19:36:08.457+0000] {manager.py:762} INFO - There are 0 files in /opt/airflow/dags
[2026-03-14T19:41:08.737+0000] {manager.py:759} INFO - Searching for files in /opt/airflow/dags
[2026-03-14T19:41:08.739+0000] {manager.py:762} INFO - There are 0 files in /opt/airflow/dags
[2026-03-14T19:42:56.321+0000] {manager.py:469} INFO - Exiting gracefully upon receiving signal 15
[2026-03-14T19:44:23.287+0000] {manager.py:487} INFO - Processing files using up to 2 processes at a time 
[2026-03-14T19:44:23.288+0000] {manager.py:488} INFO - Process each file at most once every 30 seconds
[2026-03-14T19:44:23.288+0000] {manager.py:489} INFO - Checking for new files in /opt/airflow/dags every 300 seconds
[2026-03-14T19:44:23.288+0000] {manager.py:759} INFO - Searching for files in /opt/airflow/dags
[2026-03-14T19:44:23.290+0000] {manager.py:762} INFO - There are 0 files in /opt/airflow/dags
[2026-03-14T19:49:23.601+0000] {manager.py:759} INFO - Searching for files in /opt/airflow/dags
[2026-03-14T19:49:23.605+0000] {manager.py:762} INFO - There are 0 files in /opt/airflow/dags
[2026-03-14T19:54:23.757+0000] {manager.py:759} INFO - Searching for files in /opt/airflow/dags
[2026-03-14T19:54:23.762+0000] {manager.py:762} INFO - There are 0 files in /opt/airflow/dags
[2026-03-14T19:59:23.942+0000] {manager.py:759} INFO - Searching for files in /opt/airflow/dags
[2026-03-14T19:59:24.023+0000] {manager.py:762} INFO - There are 0 files in /opt/airflow/dags
[2026-03-14T20:00:55.425+0000] {manager.py:469} INFO - Exiting gracefully upon receiving signal 15
[2026-03-14T20:24:24.410+0000] {manager.py:487} INFO - Processing files using up to 2 processes at a time 
[2026-03-14T20:24:24.411+0000] {manager.py:488} INFO - Process each file at most once every 30 seconds
[2026-03-14T20:24:24.412+0000] {manager.py:489} INFO - Checking for new files in /opt/airflow/dags every 300 seconds
[2026-03-14T20:24:24.412+0000] {manager.py:759} INFO - Searching for files in /opt/airflow/dags
[2026-03-14T20:24:24.415+0000] {manager.py:762} INFO - There are 0 files in /opt/airflow/dags
[2026-03-14T20:29:24.608+0000] {manager.py:759} INFO - Searching for files in /opt/airflow/dags
[2026-03-14T20:29:24.611+0000] {manager.py:762} INFO - There are 0 files in /opt/airflow/dags
[2026-03-14T20:32:44.187+0000] {manager.py:469} INFO - Exiting gracefully upon receiving signal 15
